#
# There is insufficient memory for the Java Runtime Environment to continue.
# Native memory allocation (malloc) failed to allocate 156976 bytes for Chunk::new
# Possible reasons:
#   The system is out of physical RAM or swap space
#   The process is running with CompressedOops enabled, and the Java Heap may be blocking the growth of the native heap
# Possible solutions:
#   Reduce memory load on the system
#   Increase physical memory or swap space
#   Check if swap backing store is full
#   Decrease Java heap size (-Xmx/-Xms)
#   Decrease number of Java threads
#   Decrease Java thread stack sizes (-Xss)
#   Set larger code cache with -XX:ReservedCodeCacheSize=
#   JVM is running with Unscaled Compressed Oops mode in which the Java heap is
#     placed in the first 4GB address space. The Java Heap base address is the
#     maximum limit for the native heap growth. Please use -XX:HeapBaseMinAddress
#     to set the Java Heap base and to place the Java Heap above 4GB virtual address.
# This output file may be truncated or incomplete.
#
#  Out of Memory Error (./src/hotspot/share/memory/arena.cpp:197), pid=5304, tid=18992
#
# JRE version: OpenJDK Runtime Environment Temurin-11.0.16.1+1 (11.0.16.1+1) (build 11.0.16.1+1)
# Java VM: OpenJDK 64-Bit Server VM Temurin-11.0.16.1+1 (11.0.16.1+1, mixed mode, tiered, compressed oops, g1 gc, windows-amd64)
# No core dump will be written. Minidumps are not enabled by default on client versions of Windows
#

---------------  S U M M A R Y ------------

Command Line: -Xmx64m -Xms64m -Dorg.gradle.appname=gradlew org.gradle.wrapper.GradleWrapperMain app:installDebug -PreactNativeDevServerPort=8081

Host: Intel(R) Core(TM) i5-10400 CPU @ 2.90GHz, 12 cores, 23G,  Windows 10 , 64 bit Build 19041 (10.0.19041.1889)
Time: Sat Oct 22 15:49:48 2022 Eastern Summer Time elapsed time: 53.191054 seconds (0d 0h 0m 53s)

---------------  T H R E A D  ---------------

Current thread (0x00000264db30f800):  JavaThread "C2 CompilerThread0" daemon [_thread_in_native, id=18992, stack(0x000000ef7e500000,0x000000ef7e600000)]


Current CompileTask:
C2:  53191 1849 % !   4       java.io.BufferedReader::readLine @ 131 (304 bytes)

Stack: [0x000000ef7e500000,0x000000ef7e600000]
Native frames: (J=compiled Java code, j=interpreted, Vv=VM code, C=native code)
V  [jvm.dll+0x61f18a]
V  [jvm.dll+0x7abb09]
V  [jvm.dll+0x7ad1f8]
V  [jvm.dll+0x7ad8d3]
V  [jvm.dll+0x24fc38]
V  [jvm.dll+0xc262c]
V  [jvm.dll+0xc2bec]
V  [jvm.dll+0x2c1ab4]
V  [jvm.dll+0x52e12c]
V  [jvm.dll+0x2087f6]
V  [jvm.dll+0x20a5ec]
V  [jvm.dll+0x207f6b]
V  [jvm.dll+0x18a3a1]
V  [jvm.dll+0x2178e4]
V  [jvm.dll+0x215b2b]
V  [jvm.dll+0x76e610]
V  [jvm.dll+0x767544]
V  [jvm.dll+0x61dff5]
C  [ucrtbase.dll+0x21bb2]
C  [KERNEL32.DLL+0x17034]
C  [ntdll.dll+0x526a1]


---------------  P R O C E S S  ---------------

Threads class SMR info:
_java_thread_list=0x00000264dc06a780, length=11, elements={
0x00000264be043800, 0x00000264db28f800, 0x00000264db29c000, 0x00000264db30a000,
0x00000264db30b000, 0x00000264db30c000, 0x00000264db30f800, 0x00000264db45c000,
0x00000264db45d000, 0x00000264db5bf000, 0x00000264dc49d800
}

Java Threads: ( => current thread )
  0x00000264be043800 JavaThread "main" [_thread_blocked, id=15640, stack(0x000000ef7d900000,0x000000ef7da00000)]
  0x00000264db28f800 JavaThread "Reference Handler" daemon [_thread_blocked, id=11372, stack(0x000000ef7e000000,0x000000ef7e100000)]
  0x00000264db29c000 JavaThread "Finalizer" daemon [_thread_blocked, id=12308, stack(0x000000ef7e100000,0x000000ef7e200000)]
  0x00000264db30a000 JavaThread "Signal Dispatcher" daemon [_thread_blocked, id=7772, stack(0x000000ef7e200000,0x000000ef7e300000)]
  0x00000264db30b000 JavaThread "Attach Listener" daemon [_thread_blocked, id=7416, stack(0x000000ef7e300000,0x000000ef7e400000)]
  0x00000264db30c000 JavaThread "Service Thread" daemon [_thread_blocked, id=16808, stack(0x000000ef7e400000,0x000000ef7e500000)]
=>0x00000264db30f800 JavaThread "C2 CompilerThread0" daemon [_thread_in_native, id=18992, stack(0x000000ef7e500000,0x000000ef7e600000)]
  0x00000264db45c000 JavaThread "C1 CompilerThread0" daemon [_thread_blocked, id=1096, stack(0x000000ef7e600000,0x000000ef7e700000)]
  0x00000264db45d000 JavaThread "Sweeper thread" daemon [_thread_blocked, id=7088, stack(0x000000ef7e700000,0x000000ef7e800000)]
  0x00000264db5bf000 JavaThread "Common-Cleaner" daemon [_thread_blocked, id=20028, stack(0x000000ef7e900000,0x000000ef7ea00000)]
  0x00000264dc49d800 JavaThread "DisconnectableInputStream source reader" daemon [_thread_in_native, id=12348, stack(0x000000ef7ed00000,0x000000ef7ee00000)]

Other Threads:
  0x00000264db26b800 VMThread "VM Thread" [stack: 0x000000ef7df00000,0x000000ef7e000000] [id=18480]
  0x00000264db5ba800 WatcherThread [stack: 0x000000ef7e800000,0x000000ef7e900000] [id=4120]
  0x00000264be05c000 GCTaskThread "GC Thread#0" [stack: 0x000000ef7da00000,0x000000ef7db00000] [id=4672]
  0x00000264dc3c2000 GCTaskThread "GC Thread#1" [stack: 0x000000ef7eb00000,0x000000ef7ec00000] [id=18244]
  0x00000264dc4b5000 GCTaskThread "GC Thread#2" [stack: 0x000000ef7ee00000,0x000000ef7ef00000] [id=6508]
  0x00000264dc326800 GCTaskThread "GC Thread#3" [stack: 0x000000ef7ef00000,0x000000ef7f000000] [id=17000]
  0x00000264dc2f9000 GCTaskThread "GC Thread#4" [stack: 0x000000ef7f000000,0x000000ef7f100000] [id=11832]
  0x00000264dc5cb000 GCTaskThread "GC Thread#5" [stack: 0x000000ef7f100000,0x000000ef7f200000] [id=7644]
  0x00000264be064000 ConcurrentGCThread "G1 Main Marker" [stack: 0x000000ef7db00000,0x000000ef7dc00000] [id=3044]
  0x00000264be066800 ConcurrentGCThread "G1 Conc#0" [stack: 0x000000ef7dc00000,0x000000ef7dd00000] [id=17240]
  0x00000264be0d6000 ConcurrentGCThread "G1 Refine#0" [stack: 0x000000ef7dd00000,0x000000ef7de00000] [id=8908]
  0x00000264be0d7000 ConcurrentGCThread "G1 Young RemSet Sampling" [stack: 0x000000ef7de00000,0x000000ef7df00000] [id=8172]

Threads with active compile tasks:
C2 CompilerThread0    53202 1849 % !   4       java.io.BufferedReader::readLine @ 131 (304 bytes)

VM state:not at safepoint (normal execution)

VM Mutex/Monitor currently owned by a thread: None

OutOfMemory and StackOverflow Exception counts:
OutOfMemoryError java_heap_errors=1
LinkageErrors=17

Heap address: 0x00000000fc000000, size: 64 MB, Compressed Oops mode: 32-bit
Narrow klass base: 0x0000000000000000, Narrow klass shift: 3
Compressed class space size: 1073741824 Address: 0x0000000100000000

Heap:
 garbage-first heap   total 65536K, used 17496K [0x00000000fc000000, 0x0000000100000000)
  region size 1024K, 9 young (9216K), 2 survivors (2048K)
 Metaspace       used 17765K, capacity 18109K, committed 18304K, reserved 1064960K
  class space    used 1963K, capacity 2104K, committed 2176K, reserved 1048576K
Heap Regions: E=young(eden), S=young(survivor), O=old, HS=humongous(starts), HC=humongous(continues), CS=collection set, F=free, A=archive, TAMS=top-at-mark-start (previous, next)
|   0|0x00000000fc000000, 0x00000000fc100000, 0x00000000fc100000|100%| O|  |TAMS 0x00000000fc000000, 0x00000000fc000000| Untracked 
|   1|0x00000000fc100000, 0x00000000fc200000, 0x00000000fc200000|100%| O|  |TAMS 0x00000000fc100000, 0x00000000fc100000| Untracked 
|   2|0x00000000fc200000, 0x00000000fc238400, 0x00000000fc300000| 21%| O|  |TAMS 0x00000000fc200000, 0x00000000fc200000| Untracked 
|   3|0x00000000fc300000, 0x00000000fc400000, 0x00000000fc400000|100%|HS|  |TAMS 0x00000000fc300000, 0x00000000fc300000| Complete 
|   4|0x00000000fc400000, 0x00000000fc500000, 0x00000000fc500000|100%|HC|  |TAMS 0x00000000fc400000, 0x00000000fc400000| Complete 
|   5|0x00000000fc500000, 0x00000000fc600000, 0x00000000fc600000|100%|HC|  |TAMS 0x00000000fc500000, 0x00000000fc500000| Complete 
|   6|0x00000000fc600000, 0x00000000fc700000, 0x00000000fc700000|100%| O|  |TAMS 0x00000000fc600000, 0x00000000fc600000| Untracked 
|   7|0x00000000fc700000, 0x00000000fc800000, 0x00000000fc800000|100%| O|  |TAMS 0x00000000fc700000, 0x00000000fc700000| Untracked 
|   8|0x00000000fc800000, 0x00000000fc900000, 0x00000000fc900000|100%| O|  |TAMS 0x00000000fc800000, 0x00000000fc800000| Untracked 
|   9|0x00000000fc900000, 0x00000000fca00000, 0x00000000fca00000|100%| O|  |TAMS 0x00000000fc900000, 0x00000000fc900000| Untracked 
|  10|0x00000000fca00000, 0x00000000fca00000, 0x00000000fcb00000|  0%| F|  |TAMS 0x00000000fca00000, 0x00000000fca00000| Untracked 
|  11|0x00000000fcb00000, 0x00000000fcb00000, 0x00000000fcc00000|  0%| F|  |TAMS 0x00000000fcb00000, 0x00000000fcb00000| Untracked 
|  12|0x00000000fcc00000, 0x00000000fcc00000, 0x00000000fcd00000|  0%| F|  |TAMS 0x00000000fcc00000, 0x00000000fcc00000| Untracked 
|  13|0x00000000fcd00000, 0x00000000fcd00000, 0x00000000fce00000|  0%| F|  |TAMS 0x00000000fcd00000, 0x00000000fcd00000| Untracked 
|  14|0x00000000fce00000, 0x00000000fce00000, 0x00000000fcf00000|  0%| F|  |TAMS 0x00000000fce00000, 0x00000000fce00000| Untracked 
|  15|0x00000000fcf00000, 0x00000000fcf00000, 0x00000000fd000000|  0%| F|  |TAMS 0x00000000fcf00000, 0x00000000fcf00000| Untracked 
|  16|0x00000000fd000000, 0x00000000fd000000, 0x00000000fd100000|  0%| F|  |TAMS 0x00000000fd000000, 0x00000000fd000000| Untracked 
|  17|0x00000000fd100000, 0x00000000fd100000, 0x00000000fd200000|  0%| F|  |TAMS 0x00000000fd100000, 0x00000000fd100000| Untracked 
|  18|0x00000000fd200000, 0x00000000fd200000, 0x00000000fd300000|  0%| F|  |TAMS 0x00000000fd200000, 0x00000000fd200000| Untracked 
|  19|0x00000000fd300000, 0x00000000fd300000, 0x00000000fd400000|  0%| F|  |TAMS 0x00000000fd300000, 0x00000000fd300000| Untracked 
|  20|0x00000000fd400000, 0x00000000fd400000, 0x00000000fd500000|  0%| F|  |TAMS 0x00000000fd400000, 0x00000000fd400000| Untracked 
|  21|0x00000000fd500000, 0x00000000fd500000, 0x00000000fd600000|  0%| F|  |TAMS 0x00000000fd500000, 0x00000000fd500000| Untracked 
|  22|0x00000000fd600000, 0x00000000fd600000, 0x00000000fd700000|  0%| F|  |TAMS 0x00000000fd600000, 0x00000000fd600000| Untracked 
|  23|0x00000000fd700000, 0x00000000fd700000, 0x00000000fd800000|  0%| F|  |TAMS 0x00000000fd700000, 0x00000000fd700000| Untracked 
|  24|0x00000000fd800000, 0x00000000fd800000, 0x00000000fd900000|  0%| F|  |TAMS 0x00000000fd800000, 0x00000000fd800000| Untracked 
|  25|0x00000000fd900000, 0x00000000fd900000, 0x00000000fda00000|  0%| F|  |TAMS 0x00000000fd900000, 0x00000000fd900000| Untracked 
|  26|0x00000000fda00000, 0x00000000fda00000, 0x00000000fdb00000|  0%| F|  |TAMS 0x00000000fda00000, 0x00000000fda00000| Untracked 
|  27|0x00000000fdb00000, 0x00000000fdb00000, 0x00000000fdc00000|  0%| F|  |TAMS 0x00000000fdb00000, 0x00000000fdb00000| Untracked 
|  28|0x00000000fdc00000, 0x00000000fdc00000, 0x00000000fdd00000|  0%| F|  |TAMS 0x00000000fdc00000, 0x00000000fdc00000| Untracked 
|  29|0x00000000fdd00000, 0x00000000fdd00000, 0x00000000fde00000|  0%| F|  |TAMS 0x00000000fdd00000, 0x00000000fdd00000| Untracked 
|  30|0x00000000fde00000, 0x00000000fde00000, 0x00000000fdf00000|  0%| F|  |TAMS 0x00000000fde00000, 0x00000000fde00000| Untracked 
|  31|0x00000000fdf00000, 0x00000000fdf00000, 0x00000000fe000000|  0%| F|  |TAMS 0x00000000fdf00000, 0x00000000fdf00000| Untracked 
|  32|0x00000000fe000000, 0x00000000fe000000, 0x00000000fe100000|  0%| F|  |TAMS 0x00000000fe000000, 0x00000000fe000000| Untracked 
|  33|0x00000000fe100000, 0x00000000fe100000, 0x00000000fe200000|  0%| F|  |TAMS 0x00000000fe100000, 0x00000000fe100000| Untracked 
|  34|0x00000000fe200000, 0x00000000fe2ddcf0, 0x00000000fe300000| 86%| S|CS|TAMS 0x00000000fe200000, 0x00000000fe200000| Complete 
|  35|0x00000000fe300000, 0x00000000fe400000, 0x00000000fe400000|100%| S|CS|TAMS 0x00000000fe300000, 0x00000000fe300000| Complete 
|  36|0x00000000fe400000, 0x00000000fe400000, 0x00000000fe500000|  0%| F|  |TAMS 0x00000000fe400000, 0x00000000fe400000| Untracked 
|  37|0x00000000fe500000, 0x00000000fe500000, 0x00000000fe600000|  0%| F|  |TAMS 0x00000000fe500000, 0x00000000fe500000| Untracked 
|  38|0x00000000fe600000, 0x00000000fe600000, 0x00000000fe700000|  0%| F|  |TAMS 0x00000000fe600000, 0x00000000fe600000| Untracked 
|  39|0x00000000fe700000, 0x00000000fe700000, 0x00000000fe800000|  0%| F|  |TAMS 0x00000000fe700000, 0x00000000fe700000| Untracked 
|  40|0x00000000fe800000, 0x00000000fe800000, 0x00000000fe900000|  0%| F|  |TAMS 0x00000000fe800000, 0x00000000fe800000| Untracked 
|  41|0x00000000fe900000, 0x00000000fe900000, 0x00000000fea00000|  0%| F|  |TAMS 0x00000000fe900000, 0x00000000fe900000| Untracked 
|  42|0x00000000fea00000, 0x00000000fea00000, 0x00000000feb00000|  0%| F|  |TAMS 0x00000000fea00000, 0x00000000fea00000| Untracked 
|  43|0x00000000feb00000, 0x00000000feb00000, 0x00000000fec00000|  0%| F|  |TAMS 0x00000000feb00000, 0x00000000feb00000| Untracked 
|  44|0x00000000fec00000, 0x00000000fec00000, 0x00000000fed00000|  0%| F|  |TAMS 0x00000000fec00000, 0x00000000fec00000| Untracked 
|  45|0x00000000fed00000, 0x00000000fed00000, 0x00000000fee00000|  0%| F|  |TAMS 0x00000000fed00000, 0x00000000fed00000| Untracked 
|  46|0x00000000fee00000, 0x00000000fee00000, 0x00000000fef00000|  0%| F|  |TAMS 0x00000000fee00000, 0x00000000fee00000| Untracked 
|  47|0x00000000fef00000, 0x00000000fef00000, 0x00000000ff000000|  0%| F|  |TAMS 0x00000000fef00000, 0x00000000fef00000| Untracked 
|  48|0x00000000ff000000, 0x00000000ff000000, 0x00000000ff100000|  0%| F|  |TAMS 0x00000000ff000000, 0x00000000ff000000| Untracked 
|  49|0x00000000ff100000, 0x00000000ff100000, 0x00000000ff200000|  0%| F|  |TAMS 0x00000000ff100000, 0x00000000ff100000| Untracked 
|  50|0x00000000ff200000, 0x00000000ff200000, 0x00000000ff300000|  0%| F|  |TAMS 0x00000000ff200000, 0x00000000ff200000| Untracked 
|  51|0x00000000ff300000, 0x00000000ff300000, 0x00000000ff400000|  0%| F|  |TAMS 0x00000000ff300000, 0x00000000ff300000| Untracked 
|  52|0x00000000ff400000, 0x00000000ff400000, 0x00000000ff500000|  0%| F|  |TAMS 0x00000000ff400000, 0x00000000ff400000| Untracked 
|  53|0x00000000ff500000, 0x00000000ff500000, 0x00000000ff600000|  0%| F|  |TAMS 0x00000000ff500000, 0x00000000ff500000| Untracked 
|  54|0x00000000ff600000, 0x00000000ff600000, 0x00000000ff700000|  0%| F|  |TAMS 0x00000000ff600000, 0x00000000ff600000| Untracked 
|  55|0x00000000ff700000, 0x00000000ff700000, 0x00000000ff800000|  0%| F|  |TAMS 0x00000000ff700000, 0x00000000ff700000| Untracked 
|  56|0x00000000ff800000, 0x00000000ff800000, 0x00000000ff900000|  0%| F|  |TAMS 0x00000000ff800000, 0x00000000ff800000| Untracked 
|  57|0x00000000ff900000, 0x00000000ff9be778, 0x00000000ffa00000| 74%| E|  |TAMS 0x00000000ff900000, 0x00000000ff900000| Complete 
|  58|0x00000000ffa00000, 0x00000000ffb00000, 0x00000000ffb00000|100%| E|CS|TAMS 0x00000000ffa00000, 0x00000000ffa00000| Complete 
|  59|0x00000000ffb00000, 0x00000000ffc00000, 0x00000000ffc00000|100%| E|CS|TAMS 0x00000000ffb00000, 0x00000000ffb00000| Complete 
|  60|0x00000000ffc00000, 0x00000000ffd00000, 0x00000000ffd00000|100%| E|CS|TAMS 0x00000000ffc00000, 0x00000000ffc00000| Complete 
|  61|0x00000000ffd00000, 0x00000000ffe00000, 0x00000000ffe00000|100%| E|CS|TAMS 0x00000000ffd00000, 0x00000000ffd00000| Complete 
|  62|0x00000000ffe00000, 0x00000000fff00000, 0x00000000fff00000|100%| E|CS|TAMS 0x00000000ffe00000, 0x00000000ffe00000| Complete 
|  63|0x00000000fff00000, 0x0000000100000000, 0x0000000100000000|100%| E|CS|TAMS 0x00000000fff00000, 0x00000000fff00000| Complete 

Card table byte_map: [0x00000264d7c20000,0x00000264d7c40000] _byte_map_base: 0x00000264d7440000

Marking Bits (Prev, Next): (CMBitMap*) 0x00000264be062e08, (CMBitMap*) 0x00000264be062e40
 Prev Bits: [0x00000264d7c60000, 0x00000264d7d60000)
 Next Bits: [0x00000264d7d60000, 0x00000264d7e60000)

Polling page: 0x00000264be120000

Metaspace:

Usage:
  Non-class:     15.63 MB capacity,    15.43 MB ( 99%) used,   175.29 KB (  1%) free+waste,    27.75 KB ( <1%) overhead. 
      Class:      2.05 MB capacity,     1.92 MB ( 93%) used,   127.16 KB (  6%) free+waste,    13.44 KB ( <1%) overhead. 
       Both:     17.68 MB capacity,    17.35 MB ( 98%) used,   302.45 KB (  2%) free+waste,    41.19 KB ( <1%) overhead. 

Virtual space:
  Non-class space:       16.00 MB reserved,      15.75 MB ( 98%) committed 
      Class space:        1.00 GB reserved,       2.13 MB ( <1%) committed 
             Both:        1.02 GB reserved,      17.88 MB (  2%) committed 

Chunk freelists:
   Non-Class:  59.00 KB
       Class:  8.00 KB
        Both:  67.00 KB

MaxMetaspaceSize: 17179869184.00 GB
CompressedClassSpaceSize: 1.00 GB
Initial GC threshold: 20.80 MB
Current GC threshold: 20.80 MB
CDS: off

CodeHeap 'non-profiled nmethods': size=120000Kb used=666Kb max_used=666Kb free=119334Kb
 bounds [0x00000264cfa70000, 0x00000264cfce0000, 0x00000264d6fa0000]
CodeHeap 'profiled nmethods': size=120000Kb used=3700Kb max_used=3700Kb free=116299Kb
 bounds [0x00000264c8540000, 0x00000264c88e0000, 0x00000264cfa70000]
CodeHeap 'non-nmethods': size=5760Kb used=1173Kb max_used=1187Kb free=4586Kb
 bounds [0x00000264c7fa0000, 0x00000264c8210000, 0x00000264c8540000]
 total_blobs=2301 nmethods=1861 adapters=353
 compilation: enabled
              stopped_count=0, restarted_count=0
 full_count=0

Compilation events (20 events):
Event: 52.568 Thread 0x00000264db45c000 1843       3       java.lang.Long::getChars (208 bytes)
Event: 52.569 Thread 0x00000264db45c000 nmethod 1843 0x00000264c88d6590 code [0x00000264c88d67a0, 0x00000264c88d6dd8]
Event: 52.705 Thread 0x00000264db45c000 1844       3       org.gradle.internal.logging.console.WorkInProgressRenderer::unshow (48 bytes)
Event: 52.705 Thread 0x00000264db45c000 nmethod 1844 0x00000264c88d7190 code [0x00000264c88d7380, 0x00000264c88d7848]
Event: 52.705 Thread 0x00000264db45c000 1845       3       java.util.ArrayDeque::remove (6 bytes)
Event: 52.706 Thread 0x00000264db45c000 nmethod 1845 0x00000264c88d7a10 code [0x00000264c88d7bc0, 0x00000264c88d7d08]
Event: 52.897 Thread 0x00000264db45c000 1846       3       java.util.ArrayDeque::sub (14 bytes)
Event: 52.897 Thread 0x00000264db45c000 nmethod 1846 0x00000264c88d7d90 code [0x00000264c88d7f40, 0x00000264c88d8058]
Event: 53.186 Thread 0x00000264db45c000 1847       1       java.util.LinkedList::size (5 bytes)
Event: 53.186 Thread 0x00000264db45c000 nmethod 1847 0x00000264cfb15c10 code [0x00000264cfb15dc0, 0x00000264cfb15e78]
Event: 53.186 Thread 0x00000264db45c000 1848       3       java.lang.AbstractStringBuilder::appendChars (130 bytes)
Event: 53.186 Thread 0x00000264db30f800 1849 % !   4       java.io.BufferedReader::readLine @ 131 (304 bytes)
Event: 53.187 Thread 0x00000264db45c000 nmethod 1848 0x00000264c88d8110 code [0x00000264c88d8380, 0x00000264c88d8e68]
Event: 53.187 Thread 0x00000264db45c000 1850       3       java.util.LinkedList::checkPositionIndex (22 bytes)
Event: 53.187 Thread 0x00000264db45c000 nmethod 1850 0x00000264c88d9410 code [0x00000264c88d9680, 0x00000264c88d9da8]
Event: 53.187 Thread 0x00000264db45c000 1851       3       java.util.LinkedList::isPositionIndex (18 bytes)
Event: 53.187 Thread 0x00000264db45c000 nmethod 1851 0x00000264c88da090 code [0x00000264c88da240, 0x00000264c88da3d8]
Event: 53.188 Thread 0x00000264db45c000 1853       3       java.lang.invoke.MemberName::isMethod (7 bytes)
Event: 53.188 Thread 0x00000264db45c000 nmethod 1853 0x00000264c88da490 code [0x00000264c88da640, 0x00000264c88da878]
Event: 53.189 Thread 0x00000264db45c000 1854       3       java.util.regex.Pattern$$Lambda$1/0x0000000100066040::is (9 bytes)

GC Heap History (4 events):
Event: 0.419 GC heap before
{Heap before GC invocations=0 (full 0):
 garbage-first heap   total 65536K, used 29696K [0x00000000fc000000, 0x0000000100000000)
  region size 1024K, 24 young (24576K), 0 survivors (0K)
 Metaspace       used 9993K, capacity 10222K, committed 10368K, reserved 1058816K
  class space    used 1003K, capacity 1065K, committed 1152K, reserved 1048576K
}
Event: 0.423 GC heap after
{Heap after GC invocations=1 (full 0):
 garbage-first heap   total 65536K, used 9401K [0x00000000fc000000, 0x0000000100000000)
  region size 1024K, 3 young (3072K), 3 survivors (3072K)
 Metaspace       used 9993K, capacity 10222K, committed 10368K, reserved 1058816K
  class space    used 1003K, capacity 1065K, committed 1152K, reserved 1048576K
}
Event: 0.829 GC heap before
{Heap before GC invocations=1 (full 0):
 garbage-first heap   total 65536K, used 35001K [0x00000000fc000000, 0x0000000100000000)
  region size 1024K, 28 young (28672K), 3 survivors (3072K)
 Metaspace       used 15881K, capacity 16130K, committed 16256K, reserved 1062912K
  class space    used 1796K, capacity 1909K, committed 1920K, reserved 1048576K
}
Event: 0.831 GC heap after
{Heap after GC invocations=2 (full 0):
 garbage-first heap   total 65536K, used 11352K [0x00000000fc000000, 0x0000000100000000)
  region size 1024K, 2 young (2048K), 2 survivors (2048K)
 Metaspace       used 15881K, capacity 16130K, committed 16256K, reserved 1062912K
  class space    used 1796K, capacity 1909K, committed 1920K, reserved 1048576K
}

Deoptimization events (20 events):
Event: 0.844 Thread 0x00000264dc4c7800 Uncommon trap: trap_request=0xffffff4d fr.pc=0x00000264cfaac4ec relative=0x00000000000000cc
Event: 0.844 Thread 0x00000264dc4c7800 Uncommon trap: reason=unstable_if action=reinterpret pc=0x00000264cfaac4ec method=java.lang.String.getBytes([BIB)V @ 5 c2
Event: 0.844 Thread 0x00000264dc4c7800 DEOPT PACKING pc=0x00000264cfaac4ec sp=0x000000ef7edfecc0
Event: 0.844 Thread 0x00000264dc4c7800 DEOPT UNPACKING pc=0x00000264c7fea1af sp=0x000000ef7edfec88 mode 2
Event: 0.844 Thread 0x00000264dc4c7800 Uncommon trap: trap_request=0xffffff4d fr.pc=0x00000264cfacf7c0 relative=0x0000000000000380
Event: 0.844 Thread 0x00000264dc4c7800 Uncommon trap: reason=unstable_if action=reinterpret pc=0x00000264cfacf7c0 method=java.lang.AbstractStringBuilder.isLatin1()Z @ 10 c2
Event: 0.844 Thread 0x00000264dc4c7800 DEOPT PACKING pc=0x00000264cfacf7c0 sp=0x000000ef7edfee20
Event: 0.844 Thread 0x00000264dc4c7800 DEOPT UNPACKING pc=0x00000264c7fea1af sp=0x000000ef7edfeda0 mode 2
Event: 1.927 Thread 0x00000264dc4c7800 Uncommon trap: trap_request=0xffffff4d fr.pc=0x00000264cfa7e29c relative=0x000000000000007c
Event: 1.927 Thread 0x00000264dc4c7800 Uncommon trap: reason=unstable_if action=reinterpret pc=0x00000264cfa7e29c method=java.lang.String.codePointAt(I)I @ 4 c2
Event: 1.927 Thread 0x00000264dc4c7800 DEOPT PACKING pc=0x00000264cfa7e29c sp=0x000000ef7edfeda0
Event: 1.927 Thread 0x00000264dc4c7800 DEOPT UNPACKING pc=0x00000264c7fea1af sp=0x000000ef7edfed38 mode 2
Event: 34.745 Thread 0x00000264be043800 Uncommon trap: trap_request=0xffffff4d fr.pc=0x00000264cfb0f618 relative=0x0000000000000558
Event: 34.745 Thread 0x00000264be043800 Uncommon trap: reason=unstable_if action=reinterpret pc=0x00000264cfb0f618 method=com.esotericsoftware.kryo.io.Input.readUtf8(I)V @ 79 c2
Event: 34.745 Thread 0x00000264be043800 DEOPT PACKING pc=0x00000264cfb0f618 sp=0x000000ef7d9fc340
Event: 34.745 Thread 0x00000264be043800 DEOPT UNPACKING pc=0x00000264c7fea1af sp=0x000000ef7d9fc2d8 mode 2
Event: 53.183 Thread 0x00000264be043800 Uncommon trap: trap_request=0xffffff4d fr.pc=0x00000264cfb10a98 relative=0x00000000000004f8
Event: 53.183 Thread 0x00000264be043800 Uncommon trap: reason=unstable_if action=reinterpret pc=0x00000264cfb10a98 method=com.esotericsoftware.kryo.io.Input.require(I)I @ 180 c2
Event: 53.183 Thread 0x00000264be043800 DEOPT PACKING pc=0x00000264cfb10a98 sp=0x000000ef7d9fc7b0
Event: 53.183 Thread 0x00000264be043800 DEOPT UNPACKING pc=0x00000264c7fea1af sp=0x000000ef7d9fc618 mode 2

Classes redefined (0 events):
No events

Internal exceptions (20 events):
Event: 0.130 Thread 0x00000264be043800 Exception <a 'java/lang/NoSuchMethodError'{0x00000000ffb2efb8}: 'int java.lang.invoke.DirectMethodHandle$Holder.invokeStaticInit(java.lang.Object, java.lang.Object)'> (0x00000000ffb2efb8) thrown at [./src/hotspot/share/interpreter/linkResolver.cpp, line 773]
Event: 0.151 Thread 0x00000264be043800 Exception <a 'java/lang/NoSuchMethodError'{0x00000000ffa02338}: 'int java.lang.invoke.DirectMethodHandle$Holder.invokeSpecial(java.lang.Object, java.lang.Object, java.lang.Object, java.lang.Object)'> (0x00000000ffa02338) thrown at [./src/hotspot/share/interpreter/linkResolver.cpp, line 773]
Event: 0.155 Thread 0x00000264be043800 Exception <a 'java/lang/NoSuchMethodError'{0x00000000ffa3a8c8}: 'int java.lang.invoke.DirectMethodHandle$Holder.invokeSpecialIFC(java.lang.Object, java.lang.Object, int)'> (0x00000000ffa3a8c8) thrown at [./src/hotspot/share/interpreter/linkResolver.cpp, line 773]
Event: 0.412 Thread 0x00000264be043800 Implicit null exception at 0x00000264cfab57f5 to 0x00000264cfab59f0
Event: 0.438 Thread 0x00000264be043800 Exception <a 'java/lang/NoClassDefFoundError'{0x00000000fff648f8}: org/slf4j/impl/StaticMarkerBinder> (0x00000000fff648f8) thrown at [./src/hotspot/share/classfile/systemDictionary.cpp, line 219]
Event: 0.446 Thread 0x00000264be043800 Exception <a 'java/lang/NoSuchMethodError'{0x00000000ffea2848}: 'java.lang.Object java.lang.invoke.DirectMethodHandle$Holder.invokeVirtual(java.lang.Object, java.lang.Object, java.lang.Object, java.lang.Object, java.lang.Object, java.lang.Object, java.lang.Object)'> (0x00000000ffea2848) thrown at [./src/hotspot/share/interpreter/linkResolver.cpp, line 773]
Event: 0.448 Thread 0x00000264be043800 Exception <a 'java/lang/NoSuchMethodError'{0x00000000ffeb6ab0}: 'java.lang.Object java.lang.invoke.Invokers$Holder.invoker(java.lang.Object, java.lang.Object, java.lang.Object)'> (0x00000000ffeb6ab0) thrown at [./src/hotspot/share/interpreter/linkResolver.cpp, line 773]
Event: 0.449 Thread 0x00000264be043800 Exception <a 'java/lang/NoSuchMethodError'{0x00000000ffec76c8}: 'void java.lang.invoke.DelegatingMethodHandle$Holder.delegate(java.lang.Object, java.lang.Object, int, java.lang.Object)'> (0x00000000ffec76c8) thrown at [./src/hotspot/share/interpreter/linkResolver.cpp, line 773]
Event: 0.513 Thread 0x00000264be043800 Exception <a 'java/lang/NoSuchMethodError'{0x00000000ff7f5bf0}: 'java.lang.Object java.lang.invoke.DirectMethodHandle$Holder.invokeInterface(java.lang.Object, java.lang.Object, java.lang.Object)'> (0x00000000ff7f5bf0) thrown at [./src/hotspot/share/interpreter/linkResolver.cpp, line 773]
Event: 0.541 Thread 0x00000264be043800 Exception <a 'java/lang/NoSuchMethodError'{0x00000000ff496960}: 'java.lang.Object java.lang.invoke.DirectMethodHandle$Holder.invokeStaticInit(java.lang.Object, java.lang.Object, java.lang.Object)'> (0x00000000ff496960) thrown at [./src/hotspot/share/interpreter/linkResolver.cpp, line 773]
Event: 0.592 Thread 0x00000264be043800 Exception <a 'java/lang/NoSuchMethodError'{0x00000000fefa0820}: 'java.lang.Object java.lang.invoke.DirectMethodHandle$Holder.invokeStaticInit(java.lang.Object, int, int, int, int)'> (0x00000000fefa0820) thrown at [./src/hotspot/share/interpreter/linkResolver.cpp, line 773]
Event: 0.653 Thread 0x00000264be043800 Exception <a 'java/lang/NoSuchMethodError'{0x00000000fefe91d0}: 'java.lang.Object java.lang.invoke.DirectMethodHandle$Holder.invokeStaticInit(java.lang.Object, java.lang.Object, int, int, int, int)'> (0x00000000fefe91d0) thrown at [./src/hotspot/share/interpreter/linkResolver.cpp, line 773]
Event: 0.836 Thread 0x00000264dc4c7800 Exception <a 'java/lang/NoSuchMethodError'{0x00000000fff13240}: 'void java.lang.invoke.DirectMethodHandle$Holder.invokeStatic(java.lang.Object, long)'> (0x00000000fff13240) thrown at [./src/hotspot/share/interpreter/linkResolver.cpp, line 773]
Event: 0.837 Thread 0x00000264dc4c7800 Exception <a 'java/lang/NoSuchMethodError'{0x00000000fff181a8}: 'java.lang.Object java.lang.invoke.DirectMethodHandle$Holder.invokeStatic(java.lang.Object, long)'> (0x00000000fff181a8) thrown at [./src/hotspot/share/interpreter/linkResolver.cpp, line 773]
Event: 0.838 Thread 0x00000264dc4c7800 Exception <a 'java/lang/NoSuchMethodError'{0x00000000fff262e8}: 'java.lang.Object java.lang.invoke.DirectMethodHandle$Holder.invokeStaticInit(java.lang.Object, java.lang.Object, long, java.lang.Object)'> (0x00000000fff262e8) thrown at [./src/hotspot/share/interpreter/linkResolver.cpp, line 773]
Event: 0.838 Thread 0x00000264dc4c7800 Exception <a 'java/lang/NoSuchMethodError'{0x00000000fff2c1d8}: 'java.lang.Object java.lang.invoke.DirectMethodHandle$Holder.invokeStatic(java.lang.Object, java.lang.Object, long)'> (0x00000000fff2c1d8) thrown at [./src/hotspot/share/interpreter/linkResolver.cpp, line 773]
Event: 0.838 Thread 0x00000264dc4c7800 Exception <a 'java/lang/NoSuchMethodError'{0x00000000fff324a8}: 'java.lang.Object java.lang.invoke.Invokers$Holder.linkToTargetMethod(java.lang.Object, long, java.lang.Object)'> (0x00000000fff324a8) thrown at [./src/hotspot/share/interpreter/linkResolver.cpp, line 773]
Event: 53.183 Thread 0x00000264be043800 Exception <a 'java/io/IOException'{0x00000000ffa0fda0}> (0x00000000ffa0fda0) thrown at [./src/hotspot/share/prims/jni.cpp, line 617]
Event: 53.187 Thread 0x00000264be043800 Exception <a 'java/lang/NoSuchMethodError'{0x00000000ffa44200}: 'int java.lang.invoke.DirectMethodHandle$Holder.invokeVirtual(java.lang.Object, java.lang.Object)'> (0x00000000ffa44200) thrown at [./src/hotspot/share/interpreter/linkResolver.cpp, line 773]
Event: 53.189 Thread 0x00000264dc49f000 Exception <a 'java/io/IOException'{0x00000000ffd7f700}> (0x00000000ffd7f700) thrown at [./src/hotspot/share/prims/jni.cpp, line 617]

Events (20 events):
Event: 27.014 loading class java/io/ObjectInputStream$ValidationList
Event: 27.014 loading class java/io/ObjectInputStream$ValidationList done
Event: 27.014 loading class java/io/ObjectInputFilter$Config
Event: 27.014 loading class java/io/ObjectInputFilter$Config done
Event: 27.014 loading class java/io/ObjectInputFilter
Event: 27.014 loading class java/io/ObjectInputFilter done
Event: 27.015 loading class jdk/internal/misc/JavaObjectInputFilterAccess
Event: 27.015 loading class jdk/internal/misc/JavaObjectInputFilterAccess done
Event: 27.015 loading class java/io/Bits
Event: 27.015 loading class java/io/Bits done
Event: 27.015 loading class org/gradle/internal/serialize/ExceptionReplacingObjectInputStream$1
Event: 27.015 loading class org/gradle/internal/serialize/ExceptionReplacingObjectInputStream$1 done
Event: 53.183 loading class org/slf4j/helpers/MessageFormatter
Event: 53.183 loading class org/slf4j/helpers/MessageFormatter done
Event: 53.184 loading class org/slf4j/helpers/FormattingTuple
Event: 53.184 loading class org/slf4j/helpers/FormattingTuple done
Event: 53.185 loading class org/gradle/util/internal/LimitedDescription
Event: 53.185 loading class org/gradle/util/internal/LimitedDescription done
Event: 53.188 loading class org/gradle/internal/logging/ConsoleRenderer
Event: 53.188 loading class org/gradle/internal/logging/ConsoleRenderer done


Dynamic libraries:
0x00007ff61f5f0000 - 0x00007ff61f5fd000 	C:\Program Files\Eclipse Adoptium\jdk-11.0.16.101-hotspot\bin\java.exe
0x00007ffcb51d0000 - 0x00007ffcb53c8000 	C:\WINDOWS\SYSTEM32\ntdll.dll
0x00007ffcb4d10000 - 0x00007ffcb4dcd000 	C:\WINDOWS\System32\KERNEL32.DLL
0x00007ffcb2b90000 - 0x00007ffcb2e62000 	C:\WINDOWS\System32\KERNELBASE.dll
0x00007ffcb28e0000 - 0x00007ffcb29e0000 	C:\WINDOWS\System32\ucrtbase.dll
0x00007ffca57c0000 - 0x00007ffca57d7000 	C:\Program Files\Eclipse Adoptium\jdk-11.0.16.101-hotspot\bin\jli.dll
0x00007ffca74e0000 - 0x00007ffca74f5000 	C:\Program Files\Eclipse Adoptium\jdk-11.0.16.101-hotspot\bin\VCRUNTIME140.dll
0x00007ffcb3430000 - 0x00007ffcb35cd000 	C:\WINDOWS\System32\USER32.dll
0x00007ffcb2a30000 - 0x00007ffcb2a52000 	C:\WINDOWS\System32\win32u.dll
0x00007ffc95be0000 - 0x00007ffc95e7a000 	C:\WINDOWS\WinSxS\amd64_microsoft.windows.common-controls_6595b64144ccf1df_6.0.19041.1110_none_60b5254171f9507e\COMCTL32.dll
0x00007ffcb32b0000 - 0x00007ffcb32db000 	C:\WINDOWS\System32\GDI32.dll
0x00007ffcb4f90000 - 0x00007ffcb502e000 	C:\WINDOWS\System32\msvcrt.dll
0x00007ffcb30f0000 - 0x00007ffcb31ff000 	C:\WINDOWS\System32\gdi32full.dll
0x00007ffcb2af0000 - 0x00007ffcb2b8d000 	C:\WINDOWS\System32\msvcp_win.dll
0x00007ffcb3c00000 - 0x00007ffcb3c30000 	C:\WINDOWS\System32\IMM32.DLL
0x00007ffc463b0000 - 0x00007ffc4644b000 	C:\Program Files\Eclipse Adoptium\jdk-11.0.16.101-hotspot\bin\msvcp140.dll
0x00007ffc02b30000 - 0x00007ffc036b2000 	C:\Program Files\Eclipse Adoptium\jdk-11.0.16.101-hotspot\bin\server\jvm.dll
0x00007ffcb50e0000 - 0x00007ffcb518e000 	C:\WINDOWS\System32\ADVAPI32.dll
0x00007ffcb4ef0000 - 0x00007ffcb4f8c000 	C:\WINDOWS\System32\sechost.dll
0x00007ffcb3d10000 - 0x00007ffcb3e35000 	C:\WINDOWS\System32\RPCRT4.dll
0x00007ffcb4410000 - 0x00007ffcb4418000 	C:\WINDOWS\System32\PSAPI.DLL
0x00007ffca71f0000 - 0x00007ffca71f9000 	C:\WINDOWS\SYSTEM32\WSOCK32.dll
0x00007ffcb3340000 - 0x00007ffcb33ab000 	C:\WINDOWS\System32\WS2_32.dll
0x00007ffca6950000 - 0x00007ffca6977000 	C:\WINDOWS\SYSTEM32\WINMM.dll
0x00007ffcab3e0000 - 0x00007ffcab3ea000 	C:\WINDOWS\SYSTEM32\VERSION.dll
0x00007ffcb07a0000 - 0x00007ffcb07b2000 	C:\WINDOWS\SYSTEM32\kernel.appcore.dll
0x00007ffca43f0000 - 0x00007ffca4400000 	C:\Program Files\Eclipse Adoptium\jdk-11.0.16.101-hotspot\bin\verify.dll
0x00007ffca75b0000 - 0x00007ffca7794000 	C:\WINDOWS\SYSTEM32\DBGHELP.DLL
0x00007ffca7580000 - 0x00007ffca75ac000 	C:\WINDOWS\SYSTEM32\dbgcore.DLL
0x00007ffcb2a60000 - 0x00007ffcb2ae2000 	C:\WINDOWS\System32\bcryptPrimitives.dll
0x00007ffc889f0000 - 0x00007ffc88a18000 	C:\Program Files\Eclipse Adoptium\jdk-11.0.16.101-hotspot\bin\java.dll
0x00007ffc88af0000 - 0x00007ffc88afa000 	C:\Program Files\Eclipse Adoptium\jdk-11.0.16.101-hotspot\bin\jimage.dll
0x00007ffc7f940000 - 0x00007ffc7f958000 	C:\Program Files\Eclipse Adoptium\jdk-11.0.16.101-hotspot\bin\zip.dll
0x00007ffcb4430000 - 0x00007ffcb4b73000 	C:\WINDOWS\System32\SHELL32.dll
0x00007ffcb09a0000 - 0x00007ffcb1131000 	C:\WINDOWS\SYSTEM32\windows.storage.dll
0x00007ffcb4050000 - 0x00007ffcb43a4000 	C:\WINDOWS\System32\combase.dll
0x00007ffcb2340000 - 0x00007ffcb2370000 	C:\WINDOWS\SYSTEM32\Wldp.dll
0x00007ffcb4b80000 - 0x00007ffcb4c2d000 	C:\WINDOWS\System32\SHCORE.dll
0x00007ffcb3e40000 - 0x00007ffcb3e95000 	C:\WINDOWS\System32\shlwapi.dll
0x00007ffcb2820000 - 0x00007ffcb283f000 	C:\WINDOWS\SYSTEM32\profapi.dll
0x00007ffc7f920000 - 0x00007ffc7f939000 	C:\Program Files\Eclipse Adoptium\jdk-11.0.16.101-hotspot\bin\net.dll
0x00007ffca80f0000 - 0x00007ffca81fd000 	C:\WINDOWS\SYSTEM32\WINHTTP.dll
0x00007ffcb20a0000 - 0x00007ffcb210a000 	C:\WINDOWS\system32\mswsock.dll
0x00007ffc7f8a0000 - 0x00007ffc7f8b3000 	C:\Program Files\Eclipse Adoptium\jdk-11.0.16.101-hotspot\bin\nio.dll
0x00007ffc889b0000 - 0x00007ffc889d7000 	C:\Users\Tao\.gradle\native\e1d6ef7f7dcc3fd88c89a11ec53ec762bb8ba0a96d01ffa2cd45eb1d1d8dd5c5\windows-amd64\native-platform.dll
0x00007ffca7500000 - 0x00007ffca750a000 	C:\Users\Tao\.gradle\native\jansi\1.18\windows64\jansi.dll
0x00007ffcae690000 - 0x00007ffcae699000 	C:\Program Files\Eclipse Adoptium\jdk-11.0.16.101-hotspot\bin\management.dll
0x00007ffca2b50000 - 0x00007ffca2b5b000 	C:\Program Files\Eclipse Adoptium\jdk-11.0.16.101-hotspot\bin\management_ext.dll
0x00007ffcb2290000 - 0x00007ffcb22a8000 	C:\WINDOWS\SYSTEM32\CRYPTSP.dll
0x00007ffcb1950000 - 0x00007ffcb1984000 	C:\WINDOWS\system32\rsaenh.dll
0x00007ffcb3200000 - 0x00007ffcb3227000 	C:\WINDOWS\System32\bcrypt.dll
0x00007ffcb27e0000 - 0x00007ffcb280e000 	C:\WINDOWS\SYSTEM32\USERENV.dll
0x00007ffcb22b0000 - 0x00007ffcb22bc000 	C:\WINDOWS\SYSTEM32\CRYPTBASE.dll
0x00007ffcb1d40000 - 0x00007ffcb1d7b000 	C:\WINDOWS\SYSTEM32\IPHLPAPI.DLL
0x00007ffcb3d00000 - 0x00007ffcb3d08000 	C:\WINDOWS\System32\NSI.dll
0x00007ffcab410000 - 0x00007ffcab427000 	C:\WINDOWS\SYSTEM32\dhcpcsvc6.DLL
0x00007ffcab3f0000 - 0x00007ffcab40d000 	C:\WINDOWS\SYSTEM32\dhcpcsvc.DLL
0x00007ffcb1d90000 - 0x00007ffcb1e5a000 	C:\WINDOWS\SYSTEM32\DNSAPI.dll

dbghelp: loaded successfully - version: 4.0.5 - missing functions: none
symbol engine: initialized successfully - sym options: 0x614 - pdb path: .;C:\Program Files\Eclipse Adoptium\jdk-11.0.16.101-hotspot\bin;C:\WINDOWS\SYSTEM32;C:\WINDOWS\WinSxS\amd64_microsoft.windows.common-controls_6595b64144ccf1df_6.0.19041.1110_none_60b5254171f9507e;C:\Program Files\Eclipse Adoptium\jdk-11.0.16.101-hotspot\bin\server;C:\Users\Tao\.gradle\native\e1d6ef7f7dcc3fd88c89a11ec53ec762bb8ba0a96d01ffa2cd45eb1d1d8dd5c5\windows-amd64;C:\Users\Tao\.gradle\native\jansi\1.18\windows64

VM Arguments:
jvm_args: -Xmx64m -Xms64m -Dorg.gradle.appname=gradlew 
java_command: org.gradle.wrapper.GradleWrapperMain app:installDebug -PreactNativeDevServerPort=8081
java_class_path (initial): C:\Users\Tao\projects\codeFromGit\Xoomra\android\\gradle\wrapper\gradle-wrapper.jar
Launcher Type: SUN_STANDARD

[Global flags]
     intx CICompilerCount                          = 4                                         {product} {ergonomic}
     uint ConcGCThreads                            = 3                                         {product} {ergonomic}
     uint G1ConcRefinementThreads                  = 10                                        {product} {ergonomic}
   size_t G1HeapRegionSize                         = 1048576                                   {product} {ergonomic}
    uintx GCDrainStackTargetSize                   = 64                                        {product} {ergonomic}
   size_t InitialHeapSize                          = 67108864                                  {product} {command line}
   size_t MarkStackSize                            = 4194304                                   {product} {ergonomic}
   size_t MaxHeapSize                              = 67108864                                  {product} {command line}
   size_t MaxNewSize                               = 39845888                                  {product} {ergonomic}
   size_t MinHeapDeltaBytes                        = 1048576                                   {product} {ergonomic}
    uintx NonNMethodCodeHeapSize                   = 5836300                                {pd product} {ergonomic}
    uintx NonProfiledCodeHeapSize                  = 122910970                              {pd product} {ergonomic}
    uintx ProfiledCodeHeapSize                     = 122910970                              {pd product} {ergonomic}
    uintx ReservedCodeCacheSize                    = 251658240                              {pd product} {ergonomic}
     bool SegmentedCodeCache                       = true                                      {product} {ergonomic}
     bool UseCompressedClassPointers               = true                                 {lp64_product} {ergonomic}
     bool UseCompressedOops                        = true                                 {lp64_product} {ergonomic}
     bool UseG1GC                                  = true                                      {product} {ergonomic}
     bool UseLargePagesIndividualAllocation        = false                                  {pd product} {ergonomic}

Logging:
Log output configuration:
 #0: stdout all=warning uptime,level,tags
 #1: stderr all=off uptime,level,tags

Environment Variables:
CLASSPATH=C:\Users\Tao\projects\codeFromGit\Xoomra\android\\gradle\wrapper\gradle-wrapper.jar
PATH=C:\Users\Tao\projects\codeFromGit\Xoomra\android\node_modules\.bin;C:\Users\Tao\projects\codeFromGit\Xoomra\node_modules\.bin;C:\Users\Tao\projects\codeFromGit\node_modules\.bin;C:\Users\Tao\projects\node_modules\.bin;C:\Users\Tao\node_modules\.bin;C:\Users\node_modules\.bin;C:\node_modules\.bin;C:\Program Files\nodejs;C:\Users\Tao\projects\codeFromGit\Xoomra\node_modules\.bin;C:\Users\Tao\projects\codeFromGit\Xoomra\node_modules\.bin;C:\Users\Tao\projects\codeFromGit\node_modules\.bin;C:\Users\Tao\projects\node_modules\.bin;C:\Users\Tao\node_modules\.bin;C:\Users\node_modules\.bin;C:\node_modules\.bin;C:\Program Files\nodejs\node_modules\npm\node_modules\@npmcli\run-script\lib\node-gyp-bin;C:\Users\Tao\bin;C:\Program Files\Git\mingw64\bin;C:\Program Files\Git\usr\local\bin;C:\Program Files\Git\usr\bin;C:\Program Files\Git\usr\bin;C:\Program Files\Git\mingw64\bin;C:\Program Files\Git\usr\bin;C:\Users\Tao\bin;C:\Program Files\Eclipse Adoptium\jdk-11.0.16.101-hotspot\bin;C:\Python310\Scripts;C:\Python310;C:\Program Files (x86)\VMware\VMware Workstation\bin;C:\WINDOWS\system32;C:\WINDOWS;C:\WINDOWS\System32\Wbem;C:\WINDOWS\System32\WindowsPowerShell\v1.0;C:\WINDOWS\System32\OpenSSH;C:\Program Files\dotnet;C:\Program Files\Git\cmd;C:\ProgramData\chocolatey\bin;C:\Program Files\nodejs;C:\Users\Tao\AppData\Local\Microsoft\WindowsApps;C:\Users\Tao\AppData\Roaming\npm;C:\Users\Tao\AppData\Local\Programs\Microsoft VS Code\bin;C:\Program Files\JetBrains\IntelliJ IDEA Community Edition 2022.2.3\bin;C:\Users\Tao\AppData\Local\Android\Sdk\platform-tools;C:\Program Files\Git\usr\bin\vendor_perl;C:\Program Files\Git\usr\bin\core_perl
USERNAME=Tao
SHELL=C:\Program Files\Git\usr\bin\bash.exe
DISPLAY=needs-to-be-defined
LANG=en_GB.UTF-8
OS=Windows_NT
PROCESSOR_IDENTIFIER=Intel64 Family 6 Model 165 Stepping 3, GenuineIntel
TMP=C:\Users\Tao\AppData\Local\Temp
TEMP=C:\Users\Tao\AppData\Local\Temp



---------------  S Y S T E M  ---------------

OS: Windows 10 , 64 bit Build 19041 (10.0.19041.1889)
OS uptime: 1 days 1:08 hours

CPU:total 12 (initial active 12) (6 cores per cpu, 2 threads per core) family 6 model 165 stepping 3 microcode 0xe0, cmov, cx8, fxsr, mmx, sse, sse2, sse3, ssse3, sse4.1, sse4.2, popcnt, avx, avx2, aes, clmul, erms, 3dnowpref, lzcnt, ht, tsc, tscinvbit, bmi1, bmi2, adx, fma

Memory: 4k page, system-wide physical 24379M (3575M free)
TotalPageFile size 25403M (AvailPageFile size 11M)
current process WorkingSet (physical memory assigned to process): 99M, peak: 101M
current process commit charge ("private bytes"): 167M, peak: 170M

vm_info: OpenJDK 64-Bit Server VM (11.0.16.1+1) for windows-amd64 JRE (11.0.16.1+1), built on Aug 16 2022 02:58:04 by "" with MS VC++ 15.9 (VS2017)

END.
